<?xml version="1.0" encoding="UTF-8"?>
<!-- Generated by org.testng.reporters.JUnitReportReporter -->
<testsuite skipped="0" hostname="DESKTOP-U8UDBFC" name="testcases.VerifyLogin" tests="2" failures="0" timestamp="2021-06-20T10:10:57 IST" time="23.640" errors="0">
  <testcase name="runLogin" time="9.019" classname="testcases.VerifyLogin"/>
  <system-out/>
  <testcase name="runLogin" time="14.621" classname="testcases.VerifyLogin"/>
  <system-out/>
</testsuite> <!-- testcases.VerifyLogin -->
