<?xml version="1.0" encoding="UTF-8"?>
<!-- Generated by org.testng.reporters.JUnitReportReporter -->
<testsuite skipped="0" hostname="DESKTOP-U8UDBFC" name="testcases.CreateLead" tests="2" failures="0" timestamp="2021-06-20T10:10:57 IST" time="42.567" errors="0">
  <testcase name="runCreateLead" time="23.097" classname="testcases.CreateLead"/>
  <system-out/>
  <testcase name="runCreateLead" time="19.470" classname="testcases.CreateLead"/>
  <system-out/>
</testsuite> <!-- testcases.CreateLead -->
